<?xml version="1.0" encoding="UTF-8"?>
<!-- Generated by org.testng.reporters.JUnitXMLReporter -->
<testsuite hostname="Hp" ignored="0" name="Default test" tests="8" failures="0" timestamp="23 Oct 2018 12:15:10 GMT" time="1.744" errors="0">
  <testcase name="Dataprovider" time="0.044" classname="ZoomCarBasic.DataNeededClass"/>
  <testcase name="Dataprovider" time="0.003" classname="ZoomCarBasic.DataNeededClass"/>
  <testcase name="Dataprovider" time="0.004" classname="ZoomCarBasic.DataNeededClass"/>
  <testcase name="Dataprovider" time="0.002" classname="ZoomCarBasic.DataNeededClass"/>
  <testcase name="Dataprovider" time="0.003" classname="ZoomCarBasic.DataNeededClass"/>
  <testcase name="Dataprovider" time="0.005" classname="ZoomCarBasic.DataNeededClass"/>
  <testcase name="Dataprovider" time="0.007" classname="ZoomCarBasic.DataNeededClass"/>
  <testcase name="Dataprovider" time="0.004" classname="ZoomCarBasic.DataNeededClass"/>
</testsuite> <!-- Default test -->
