<?xml version="1.0" encoding="UTF-8"?>
<!-- Generated by org.testng.reporters.JUnitXMLReporter -->
<testsuite hostname="Hp" ignored="2" name="testnG" tests="3" failures="0" timestamp="23 Oct 2018 10:52:41 GMT" time="0.156" errors="0">
  <testcase name="smoke1" time="0.029" classname="ZoomCarBasic.TestNGAttributes"/>
  <testcase name="sanity1" time="0.008" classname="ZoomCarBasic.TestNGAttributes"/>
  <testcase name="smoke2" time="0.004" classname="ZoomCarBasic.TestNGAttributes"/>
  <testcase name="regression2" time="0.0" classname="ZoomCarBasic.TestNGAttributes">
    <ignored/>
  </testcase> <!-- regression2 -->
  <testcase name="regression" time="0.0" classname="ZoomCarBasic.TestNGAttributes">
    <ignored/>
  </testcase> <!-- regression -->
</testsuite> <!-- testnG -->
